<?xml version="1.0" encoding="UTF-8"?>
<!-- Generated by org.testng.reporters.JUnitXMLReporter -->
<testsuite ignored="0" hostname="DESKTOP-D6HL7CF" failures="0" tests="3" name="Test" time="19.455" errors="0" timestamp="2024-06-06T15:02:11 IST">
  <testcase classname="PopupHandling.Assignment2" name="testcase02" time="8.083"/>
  <testcase classname="PopupHandling.Assignment1" name="testcase01" time="9.28"/>
  <testcase classname="PopupHandling.Assignment3" name="testcase03" time="11.328"/>
</testsuite> <!-- Test -->
