<?xml version="1.0" encoding="UTF-8"?>
<testng-results ignored="0" total="5" passed="5" failed="0" skipped="0">
  <reporter-output>
  </reporter-output>
  <suite started-at="2024-06-12T22:38:50 IST" name="Default suite" finished-at="2024-06-12T22:39:14 IST" duration-ms="24147">
    <groups>
    </groups>
    <test started-at="2024-06-12T22:38:50 IST" name="Default test" finished-at="2024-06-12T22:39:14 IST" duration-ms="24147">
      <class name="WorkingWithTestNG.Example_Invocationcount">
        <test-method signature="testcase()[pri:0, instance:WorkingWithTestNG.Example_Invocationcount@37afeb11]" started-at="2024-06-12T22:38:50 IST" name="testcase" finished-at="2024-06-12T22:38:56 IST" duration-ms="5893" status="PASS">
          <reporter-output>
          </reporter-output>
        </test-method> <!-- testcase -->
        <test-method signature="testcase()[pri:0, instance:WorkingWithTestNG.Example_Invocationcount@37afeb11]" started-at="2024-06-12T22:38:56 IST" name="testcase" finished-at="2024-06-12T22:39:00 IST" duration-ms="4789" status="PASS">
          <reporter-output>
          </reporter-output>
        </test-method> <!-- testcase -->
        <test-method signature="testcase()[pri:0, instance:WorkingWithTestNG.Example_Invocationcount@37afeb11]" started-at="2024-06-12T22:39:00 IST" name="testcase" finished-at="2024-06-12T22:39:05 IST" duration-ms="4369" status="PASS">
          <reporter-output>
          </reporter-output>
        </test-method> <!-- testcase -->
        <test-method signature="testcase()[pri:0, instance:WorkingWithTestNG.Example_Invocationcount@37afeb11]" started-at="2024-06-12T22:39:05 IST" name="testcase" finished-at="2024-06-12T22:39:09 IST" duration-ms="4325" status="PASS">
          <reporter-output>
          </reporter-output>
        </test-method> <!-- testcase -->
        <test-method signature="testcase()[pri:0, instance:WorkingWithTestNG.Example_Invocationcount@37afeb11]" started-at="2024-06-12T22:39:09 IST" name="testcase" finished-at="2024-06-12T22:39:14 IST" duration-ms="4734" status="PASS">
          <reporter-output>
          </reporter-output>
        </test-method> <!-- testcase -->
      </class> <!-- WorkingWithTestNG.Example_Invocationcount -->
    </test> <!-- Default test -->
  </suite> <!-- Default suite -->
</testng-results>
