<?xml version="1.0" encoding="UTF-8"?>
<!-- Generated by org.testng.reporters.JUnitXMLReporter -->
<testsuite ignored="0" hostname="DESKTOP-D6HL7CF" failures="0" tests="5" name="Default test" time="24.147" errors="0" timestamp="2024-06-12T22:39:14 IST">
  <testcase classname="WorkingWithTestNG.Example_Invocationcount" name="testcase" time="5.893"/>
  <testcase classname="WorkingWithTestNG.Example_Invocationcount" name="testcase" time="4.789"/>
  <testcase classname="WorkingWithTestNG.Example_Invocationcount" name="testcase" time="4.369"/>
  <testcase classname="WorkingWithTestNG.Example_Invocationcount" name="testcase" time="4.325"/>
  <testcase classname="WorkingWithTestNG.Example_Invocationcount" name="testcase" time="4.734"/>
</testsuite> <!-- Default test -->
